This is XeTeX, Version 3.141592653-2.6-0.999995 (TeX Live 2023) (preloaded format=xelatex 2023.9.8)  23 OCT 2025 18:13
entering extended mode
 restricted \write18 enabled.
 %&-line parsing enabled.
**scars_polyhedra.tex
(./scars_polyhedra.tex
LaTeX2e <2023-06-01> patch level 1
L3 programming layer <2023-08-29>
(c:/texlive/2023/texmf-dist/tex/latex/base/article.cls
Document Class: article 2023/05/17 v1.4n Standard LaTeX document class
(c:/texlive/2023/texmf-dist/tex/latex/base/size11.clo
File: size11.clo 2023/05/17 v1.4n Standard LaTeX file (size option)
)
\c@part=\count181
\c@section=\count182
\c@subsection=\count183
\c@subsubsection=\count184
\c@paragraph=\count185
\c@subparagraph=\count186
\c@figure=\count187
\c@table=\count188
\abovecaptionskip=\skip48
\belowcaptionskip=\skip49
\bibindent=\dimen140
)
(c:/texlive/2023/texmf-dist/tex/latex/geometry/geometry.sty
Package: geometry 2020/01/02 v5.9 Page Geometry

(c:/texlive/2023/texmf-dist/tex/latex/graphics/keyval.sty
Package: keyval 2022/05/29 v1.15 key=value parser (DPC)
\KV@toks@=\toks17
)
(c:/texlive/2023/texmf-dist/tex/generic/iftex/ifvtex.sty
Package: ifvtex 2019/10/25 v1.7 ifvtex legacy package. Use iftex instead.

(c:/texlive/2023/texmf-dist/tex/generic/iftex/iftex.sty
Package: iftex 2022/02/03 v1.0f TeX engine tests
))
\Gm@cnth=\count189
\Gm@cntv=\count190
\c@Gm@tempcnt=\count191
\Gm@bindingoffset=\dimen141
\Gm@wd@mp=\dimen142
\Gm@odd@mp=\dimen143
\Gm@even@mp=\dimen144
\Gm@layoutwidth=\dimen145
\Gm@layoutheight=\dimen146
\Gm@layouthoffset=\dimen147
\Gm@layoutvoffset=\dimen148
\Gm@dimlist=\toks18
)
(c:/texlive/2023/texmf-dist/tex/latex/graphics/graphicx.sty
Package: graphicx 2021/09/16 v1.2d Enhanced LaTeX Graphics (DPC,SPQR)

(c:/texlive/2023/texmf-dist/tex/latex/graphics/graphics.sty
Package: graphics 2022/03/10 v1.4e Standard LaTeX Graphics (DPC,SPQR)

(c:/texlive/2023/texmf-dist/tex/latex/graphics/trig.sty
Package: trig 2021/08/11 v1.11 sin cos tan (DPC)
)
(c:/texlive/2023/texmf-dist/tex/latex/graphics-cfg/graphics.cfg
File: graphics.cfg 2016/06/04 v1.11 sample graphics configuration
)
Package graphics Info: Driver file: xetex.def on input line 107.

(c:/texlive/2023/texmf-dist/tex/latex/graphics-def/xetex.def
File: xetex.def 2022/09/22 v5.0n Graphics/color driver for xetex
))
\Gin@req@height=\dimen149
\Gin@req@width=\dimen150
)
(c:/texlive/2023/texmf-dist/tex/latex/amsmath/amsmath.sty
Package: amsmath 2023/05/13 v2.17o AMS math features
\@mathmargin=\skip50

For additional information on amsmath, use the `?' option.
(c:/texlive/2023/texmf-dist/tex/latex/amsmath/amstext.sty
Package: amstext 2021/08/26 v2.01 AMS text

(c:/texlive/2023/texmf-dist/tex/latex/amsmath/amsgen.sty
File: amsgen.sty 1999/11/30 v2.0 generic functions
\@emptytoks=\toks19
\ex@=\dimen151
))
(c:/texlive/2023/texmf-dist/tex/latex/amsmath/amsbsy.sty
Package: amsbsy 1999/11/29 v1.2d Bold Symbols
\pmbraise@=\dimen152
)
(c:/texlive/2023/texmf-dist/tex/latex/amsmath/amsopn.sty
Package: amsopn 2022/04/08 v2.04 operator names
)
\inf@bad=\count192
LaTeX Info: Redefining \frac on input line 234.
\uproot@=\count193
\leftroot@=\count194
LaTeX Info: Redefining \overline on input line 399.
LaTeX Info: Redefining \colon on input line 410.
\classnum@=\count195
\DOTSCASE@=\count196
LaTeX Info: Redefining \ldots on input line 496.
LaTeX Info: Redefining \dots on input line 499.
LaTeX Info: Redefining \cdots on input line 620.
\Mathstrutbox@=\box51
\strutbox@=\box52
LaTeX Info: Redefining \big on input line 722.
LaTeX Info: Redefining \Big on input line 723.
LaTeX Info: Redefining \bigg on input line 724.
LaTeX Info: Redefining \Bigg on input line 725.
\big@size=\dimen153
LaTeX Font Info:    Redeclaring font encoding OML on input line 743.
LaTeX Font Info:    Redeclaring font encoding OMS on input line 744.
\macc@depth=\count197
LaTeX Info: Redefining \bmod on input line 905.
LaTeX Info: Redefining \pmod on input line 910.
LaTeX Info: Redefining \smash on input line 940.
LaTeX Info: Redefining \relbar on input line 970.
LaTeX Info: Redefining \Relbar on input line 971.
\c@MaxMatrixCols=\count198
\dotsspace@=\muskip16
\c@parentequation=\count199
\dspbrk@lvl=\count266
\tag@help=\toks20
\row@=\count267
\column@=\count268
\maxfields@=\count269
\andhelp@=\toks21
\eqnshift@=\dimen154
\alignsep@=\dimen155
\tagshift@=\dimen156
\tagwidth@=\dimen157
\totwidth@=\dimen158
\lineht@=\dimen159
\@envbody=\toks22
\multlinegap=\skip51
\multlinetaggap=\skip52
\mathdisplay@stack=\toks23
LaTeX Info: Redefining \[ on input line 2953.
LaTeX Info: Redefining \] on input line 2954.
)
(c:/texlive/2023/texmf-dist/tex/latex/amsfonts/amssymb.sty
Package: amssymb 2013/01/14 v3.01 AMS font symbols

(c:/texlive/2023/texmf-dist/tex/latex/amsfonts/amsfonts.sty
Package: amsfonts 2013/01/14 v3.01 Basic AMSFonts support
\symAMSa=\mathgroup4
\symAMSb=\mathgroup5
LaTeX Font Info:    Redeclaring math symbol \hbar on input line 98.
LaTeX Font Info:    Overwriting math alphabet `\mathfrak' in version `bold'
(Font)                  U/euf/m/n --> U/euf/b/n on input line 106.
))
(c:/texlive/2023/texmf-dist/tex/latex/amscls/amsthm.sty
Package: amsthm 2020/05/29 v2.20.6
\thm@style=\toks24
\thm@bodyfont=\toks25
\thm@headfont=\toks26
\thm@notefont=\toks27
\thm@headpunct=\toks28
\thm@preskip=\skip53
\thm@postskip=\skip54
\thm@headsep=\skip55
\dth@everypar=\toks29
)
(c:/texlive/2023/texmf-dist/tex/latex/booktabs/booktabs.sty
Package: booktabs 2020/01/12 v1.61803398 Publication quality tables
\heavyrulewidth=\dimen160
\lightrulewidth=\dimen161
\cmidrulewidth=\dimen162
\belowrulesep=\dimen163
\belowbottomsep=\dimen164
\aboverulesep=\dimen165
\abovetopsep=\dimen166
\cmidrulesep=\dimen167
\cmidrulekern=\dimen168
\defaultaddspace=\dimen169
\@cmidla=\count270
\@cmidlb=\count271
\@aboverulesep=\dimen170
\@belowrulesep=\dimen171
\@thisruleclass=\count272
\@lastruleclass=\count273
\@thisrulewidth=\dimen172
)
(c:/texlive/2023/texmf-dist/tex/latex/tools/array.sty
Package: array 2022/09/04 v2.5g Tabular extension package (FMi)
\col@sep=\dimen173
\ar@mcellbox=\box53
\extrarowheight=\dimen174
\NC@list=\toks30
\extratabsurround=\skip56
\backup@length=\skip57
\ar@cellbox=\box54
)
(c:/texlive/2023/texmf-dist/tex/latex/enumitem/enumitem.sty
Package: enumitem 2019/06/20 v3.9 Customized lists
\labelindent=\skip58
\enit@outerparindent=\dimen175
\enit@toks=\toks31
\enit@inbox=\box55
\enit@count@id=\count274
\enitdp@description=\count275
)
(c:/texlive/2023/texmf-dist/tex/latex/hyperref/hyperref.sty
Package: hyperref 2023-07-08 v7.01b Hypertext links for LaTeX

(c:/texlive/2023/texmf-dist/tex/generic/ltxcmds/ltxcmds.sty
Package: ltxcmds 2020-05-10 v1.25 LaTeX kernel commands for general use (HO)
)
(c:/texlive/2023/texmf-dist/tex/generic/pdftexcmds/pdftexcmds.sty
Package: pdftexcmds 2020-06-27 v0.33 Utility functions of pdfTeX for LuaTeX (HO
)

(c:/texlive/2023/texmf-dist/tex/generic/infwarerr/infwarerr.sty
Package: infwarerr 2019/12/03 v1.5 Providing info/warning/error messages (HO)
)
Package pdftexcmds Info: \pdf@primitive is available.
Package pdftexcmds Info: \pdf@ifprimitive is available.
Package pdftexcmds Info: \pdfdraftmode not found.
)
(c:/texlive/2023/texmf-dist/tex/latex/kvsetkeys/kvsetkeys.sty
Package: kvsetkeys 2022-10-05 v1.19 Key value parser (HO)
)
(c:/texlive/2023/texmf-dist/tex/generic/kvdefinekeys/kvdefinekeys.sty
Package: kvdefinekeys 2019-12-19 v1.6 Define keys (HO)
)
(c:/texlive/2023/texmf-dist/tex/generic/pdfescape/pdfescape.sty
Package: pdfescape 2019/12/09 v1.15 Implements pdfTeX's escape features (HO)
)
(c:/texlive/2023/texmf-dist/tex/latex/hycolor/hycolor.sty
Package: hycolor 2020-01-27 v1.10 Color options for hyperref/bookmark (HO)
)
(c:/texlive/2023/texmf-dist/tex/latex/letltxmacro/letltxmacro.sty
Package: letltxmacro 2019/12/03 v1.6 Let assignment for LaTeX macros (HO)
)
(c:/texlive/2023/texmf-dist/tex/latex/auxhook/auxhook.sty
Package: auxhook 2019-12-17 v1.6 Hooks for auxiliary files (HO)
)
(c:/texlive/2023/texmf-dist/tex/latex/hyperref/nameref.sty
Package: nameref 2023-08-07 v2.53 Cross-referencing by name of section

(c:/texlive/2023/texmf-dist/tex/latex/refcount/refcount.sty
Package: refcount 2019/12/15 v3.6 Data extraction from label references (HO)
)
(c:/texlive/2023/texmf-dist/tex/generic/gettitlestring/gettitlestring.sty
Package: gettitlestring 2019/12/15 v1.6 Cleanup title references (HO)

(c:/texlive/2023/texmf-dist/tex/latex/kvoptions/kvoptions.sty
Package: kvoptions 2022-06-15 v3.15 Key value format for package options (HO)
))
\c@section@level=\count276
)
(c:/texlive/2023/texmf-dist/tex/latex/etoolbox/etoolbox.sty
Package: etoolbox 2020/10/05 v2.5k e-TeX tools for LaTeX (JAW)
\etb@tempcnta=\count277
)
\@linkdim=\dimen176
\Hy@linkcounter=\count278
\Hy@pagecounter=\count279

(c:/texlive/2023/texmf-dist/tex/latex/hyperref/pd1enc.def
File: pd1enc.def 2023-07-08 v7.01b Hyperref: PDFDocEncoding definition (HO)
)
(c:/texlive/2023/texmf-dist/tex/generic/intcalc/intcalc.sty
Package: intcalc 2019/12/15 v1.3 Expandable calculations with integers (HO)
)
\Hy@SavedSpaceFactor=\count280

(c:/texlive/2023/texmf-dist/tex/latex/hyperref/puenc.def
File: puenc.def 2023-07-08 v7.01b Hyperref: PDF Unicode definition (HO)
)
Package hyperref Info: Hyper figures OFF on input line 4167.
Package hyperref Info: Link nesting OFF on input line 4172.
Package hyperref Info: Hyper index ON on input line 4175.
Package hyperref Info: Plain pages OFF on input line 4182.
Package hyperref Info: Backreferencing OFF on input line 4187.
Package hyperref Info: Implicit mode ON; LaTeX internals redefined.
Package hyperref Info: Bookmarks ON on input line 4434.
\c@Hy@tempcnt=\count281

(c:/texlive/2023/texmf-dist/tex/latex/url/url.sty
\Urlmuskip=\muskip17
Package: url 2013/09/16  ver 3.4  Verb mode for urls, etc.
)
LaTeX Info: Redefining \url on input line 4772.
\XeTeXLinkMargin=\dimen177

(c:/texlive/2023/texmf-dist/tex/generic/bitset/bitset.sty
Package: bitset 2019/12/09 v1.3 Handle bit-vector datatype (HO)

(c:/texlive/2023/texmf-dist/tex/generic/bigintcalc/bigintcalc.sty
Package: bigintcalc 2019/12/15 v1.5 Expandable calculations on big integers (HO
)
))
\Fld@menulength=\count282
\Field@Width=\dimen178
\Fld@charsize=\dimen179
Package hyperref Info: Hyper figures OFF on input line 6051.
Package hyperref Info: Link nesting OFF on input line 6056.
Package hyperref Info: Hyper index ON on input line 6059.
Package hyperref Info: backreferencing OFF on input line 6066.
Package hyperref Info: Link coloring OFF on input line 6071.
Package hyperref Info: Link coloring with OCG OFF on input line 6076.
Package hyperref Info: PDF/A mode OFF on input line 6081.

(c:/texlive/2023/texmf-dist/tex/latex/base/atbegshi-ltx.sty
Package: atbegshi-ltx 2021/01/10 v1.0c Emulation of the original atbegshi
package with kernel methods
)
\Hy@abspage=\count283
\c@Item=\count284
\c@Hfootnote=\count285
)
Package hyperref Info: Driver (autodetected): hxetex.

(c:/texlive/2023/texmf-dist/tex/latex/hyperref/hxetex.def
File: hxetex.def 2023-07-08 v7.01b Hyperref driver for XeTeX

(c:/texlive/2023/texmf-dist/tex/generic/stringenc/stringenc.sty
Package: stringenc 2019/11/29 v1.12 Convert strings between diff. encodings (HO
)
)
\pdfm@box=\box56
\c@Hy@AnnotLevel=\count286
\HyField@AnnotCount=\count287
\Fld@listcount=\count288
\c@bookmark@seq@number=\count289

(c:/texlive/2023/texmf-dist/tex/latex/rerunfilecheck/rerunfilecheck.sty
Package: rerunfilecheck 2022-07-10 v1.10 Rerun checks for auxiliary files (HO)

(c:/texlive/2023/texmf-dist/tex/latex/base/atveryend-ltx.sty
Package: atveryend-ltx 2020/08/19 v1.0a Emulation of the original atveryend pac
kage
with kernel methods
)
(c:/texlive/2023/texmf-dist/tex/generic/uniquecounter/uniquecounter.sty
Package: uniquecounter 2019/12/15 v1.4 Provide unlimited unique counter (HO)
)
Package uniquecounter Info: New unique counter `rerunfilecheck' on input line 2
85.
)
\Hy@SectionHShift=\skip59
)
(c:/texlive/2023/texmf-dist/tex/latex/titlesec/titlesec.sty
Package: titlesec 2021/07/05 v2.14 Sectioning titles
\ttl@box=\box57
\beforetitleunit=\skip60
\aftertitleunit=\skip61
\ttl@plus=\dimen180
\ttl@minus=\dimen181
\ttl@toksa=\toks32
\titlewidth=\dimen182
\titlewidthlast=\dimen183
\titlewidthfirst=\dimen184
)
(c:/texlive/2023/texmf-dist/tex/latex/l3backend/l3backend-xetex.def
File: l3backend-xetex.def 2023-04-19 L3 backend support: XeTeX
\g__graphics_track_int=\count290
\l__pdf_internal_box=\box58
\g__pdf_backend_object_int=\count291
\g__pdf_backend_annotation_int=\count292
\g__pdf_backend_link_int=\count293
)
(./scars_polyhedra.aux)
\openout1 = `scars_polyhedra.aux'.

LaTeX Font Info:    Checking defaults for OML/cmm/m/it on input line 37.
LaTeX Font Info:    ... okay on input line 37.
LaTeX Font Info:    Checking defaults for OMS/cmsy/m/n on input line 37.
LaTeX Font Info:    ... okay on input line 37.
LaTeX Font Info:    Checking defaults for OT1/cmr/m/n on input line 37.
LaTeX Font Info:    ... okay on input line 37.
LaTeX Font Info:    Checking defaults for T1/cmr/m/n on input line 37.
LaTeX Font Info:    ... okay on input line 37.
LaTeX Font Info:    Checking defaults for TS1/cmr/m/n on input line 37.
LaTeX Font Info:    Trying to load font information for TS1+cmr on input line 3
7.
 (c:/texlive/2023/texmf-dist/tex/latex/base/ts1cmr.fd
File: ts1cmr.fd 2023/04/13 v2.5m Standard LaTeX font definitions
)
LaTeX Font Info:    ... okay on input line 37.
LaTeX Font Info:    Checking defaults for TU/lmr/m/n on input line 37.
LaTeX Font Info:    ... okay on input line 37.
LaTeX Font Info:    Checking defaults for OMX/cmex/m/n on input line 37.
LaTeX Font Info:    ... okay on input line 37.
LaTeX Font Info:    Checking defaults for U/cmr/m/n on input line 37.
LaTeX Font Info:    ... okay on input line 37.
LaTeX Font Info:    Checking defaults for PD1/pdf/m/n on input line 37.
LaTeX Font Info:    ... okay on input line 37.
LaTeX Font Info:    Checking defaults for PU/pdf/m/n on input line 37.
LaTeX Font Info:    ... okay on input line 37.

*geometry* driver: auto-detecting
*geometry* detected driver: xetex
*geometry* verbose mode - [ preamble ] result:
* driver: xetex
* paper: a4paper
* layout: <same size as paper>
* layoutoffset:(h,v)=(0.0pt,0.0pt)
* modes: 
* h-part:(L,W,R)=(72.26999pt, 452.9679pt, 72.26999pt)
* v-part:(T,H,B)=(72.26999pt, 700.50687pt, 72.26999pt)
* \paperwidth=597.50787pt
* \paperheight=845.04684pt
* \textwidth=452.9679pt
* \textheight=700.50687pt
* \oddsidemargin=0.0pt
* \evensidemargin=0.0pt
* \topmargin=-37.0pt
* \headheight=12.0pt
* \headsep=25.0pt
* \topskip=11.0pt
* \footskip=30.0pt
* \marginparwidth=50.0pt
* \marginparsep=10.0pt
* \columnsep=10.0pt
* \skip\footins=10.0pt plus 4.0pt minus 2.0pt
* \hoffset=0.0pt
* \voffset=0.0pt
* \mag=1000
* \@twocolumnfalse
* \@twosidefalse
* \@mparswitchfalse
* \@reversemarginfalse
* (1in=72.27pt=25.4mm, 1cm=28.453pt)

Package hyperref Info: Link coloring OFF on input line 37.
(./scars_polyhedra.out) (./scars_polyhedra.out)
\@outlinefile=\write3
\openout3 = `scars_polyhedra.out'.

LaTeX Font Info:    Trying to load font information for U+msa on input line 39.


(c:/texlive/2023/texmf-dist/tex/latex/amsfonts/umsa.fd
File: umsa.fd 2013/01/14 v3.01 AMS symbols A
)
LaTeX Font Info:    Trying to load font information for U+msb on input line 39.


(c:/texlive/2023/texmf-dist/tex/latex/amsfonts/umsb.fd
File: umsb.fd 2013/01/14 v3.01 AMS symbols B
)
File: tetrahedron.pdf Graphic file (type pdf)
<use tetrahedron.pdf>
 [1

]
Underfull \hbox (badness 10000) in paragraph at lines 81--82

 []


Overfull \hbox (1.22063pt too wide) in paragraph at lines 86--86
 []|\TU/lmr/bx/n/10.95 Degeneracy| 
 []


Overfull \hbox (2.17328pt too wide) in paragraph at lines 86--86
 []|\TU/lmr/bx/n/10.95 Annihilated 
 []

File: octahedron.pdf Graphic file (type pdf)
<use octahedron.pdf>
[2]
Underfull \hbox (badness 10000) in paragraph at lines 127--128

 []


Overfull \hbox (1.22063pt too wide) in paragraph at lines 132--132
 []|\TU/lmr/bx/n/10.95 Degeneracy| 
 []


Overfull \hbox (2.17328pt too wide) in paragraph at lines 132--132
 []|\TU/lmr/bx/n/10.95 Annihilated 
 []

File: cube.pdf Graphic file (type pdf)
<use cube.pdf>
[3]
Underfull \hbox (badness 10000) in paragraph at lines 177--178

 []


Overfull \hbox (1.22063pt too wide) in paragraph at lines 182--182
 []|\TU/lmr/bx/n/10.95 Degeneracy| 
 []


Overfull \hbox (2.17328pt too wide) in paragraph at lines 182--182
 []|\TU/lmr/bx/n/10.95 Annihilated 
 []


Overfull \hbox (30.95567pt too wide) in paragraph at lines 195--196
[]\TU/lmr/bx/n/10.95 Compactness criterion: \TU/lmr/m/n/10.95 nearest-neighbor 
+ most compact, for example $\OT1/cmr/m/n/10.95 [0\OML/cmm/m/it/10.95 ; \OT1/cm
r/m/n/10.95 1](\OML/cmm/m/it/10.95 n \OT1/cmr/m/n/10.95 = 2)\OML/cmm/m/it/10.95
 ; \OT1/cmr/m/n/10.95 [0\OML/cmm/m/it/10.95 ; \OT1/cmr/m/n/10.95 1\OML/cmm/m/it
/10.95 ; \OT1/cmr/m/n/10.95 2](\OML/cmm/m/it/10.95 n \OT1/cmr/m/n/10.95 =
 []

[4]
File: icosahedron.pdf Graphic file (type pdf)
<use icosahedron.pdf>
File: icosahedronp.pdf Graphic file (type pdf)
<use icosahedronp.pdf>

Underfull \hbox (badness 10000) in paragraph at lines 230--231

 []


Overfull \hbox (1.22063pt too wide) in paragraph at lines 235--235
 []|\TU/lmr/bx/n/10.95 Degeneracy| 
 []


Overfull \hbox (2.17328pt too wide) in paragraph at lines 235--235
 []|\TU/lmr/bx/n/10.95 Annihilated 
 []


Underfull \hbox (badness 10000) in paragraph at lines 248--249

 []

[5]
Overfull \hbox (1.22063pt too wide) in paragraph at lines 253--253
 []|\TU/lmr/bx/n/10.95 Degeneracy| 
 []


Overfull \hbox (2.17328pt too wide) in paragraph at lines 253--253
 []|\TU/lmr/bx/n/10.95 Annihilated 
 []

File: dodecahedron.pdf Graphic file (type pdf)
<use dodecahedron.pdf>
[6]
Underfull \hbox (badness 10000) in paragraph at lines 306--307

 []


Overfull \hbox (1.22063pt too wide) in paragraph at lines 311--311
 []|\TU/lmr/bx/n/10.95 Degeneracy| 
 []


Overfull \hbox (2.17328pt too wide) in paragraph at lines 311--311
 []|\TU/lmr/bx/n/10.95 Annihilated 
 []

[7]
File: triakistetrahedron.pdf Graphic file (type pdf)
<use triakistetrahedron.pdf>
 [8]
Underfull \hbox (badness 10000) in paragraph at lines 359--360

 []


Overfull \hbox (1.22063pt too wide) in paragraph at lines 364--364
 []|\TU/lmr/bx/n/10.95 Degeneracy| 
 []


Overfull \hbox (2.17328pt too wide) in paragraph at lines 364--364
 []|\TU/lmr/bx/n/10.95 Annihilated 
 []


Overfull \hbox (30.95567pt too wide) in paragraph at lines 375--376
[]\TU/lmr/bx/n/10.95 Compactness criterion: \TU/lmr/m/n/10.95 nearest-neighbor 
+ most compact, for example $\OT1/cmr/m/n/10.95 [1\OML/cmm/m/it/10.95 ; \OT1/cm
r/m/n/10.95 2](\OML/cmm/m/it/10.95 n \OT1/cmr/m/n/10.95 = 2)\OML/cmm/m/it/10.95
 ; \OT1/cmr/m/n/10.95 [1\OML/cmm/m/it/10.95 ; \OT1/cmr/m/n/10.95 2\OML/cmm/m/it
/10.95 ; \OT1/cmr/m/n/10.95 5](\OML/cmm/m/it/10.95 n \OT1/cmr/m/n/10.95 =
 []

File: rhombicdodecahedron.pdf Graphic file (type pdf)
<use rhombicdodecahedron.pdf>
[9]
Underfull \hbox (badness 10000) in paragraph at lines 405--406

 []


Overfull \hbox (1.22063pt too wide) in paragraph at lines 410--410
 []|\TU/lmr/bx/n/10.95 Degeneracy| 
 []


Overfull \hbox (2.17328pt too wide) in paragraph at lines 410--410
 []|\TU/lmr/bx/n/10.95 Annihilated 
 []


Overfull \hbox (34.6056pt too wide) in paragraph at lines 427--428
[]\TU/lmr/bx/n/10.95 Compactness criterion: \TU/lmr/m/n/10.95 nearest-neighbor 
+ most compact, for example $\OT1/cmr/m/n/10.95 [0\OML/cmm/m/it/10.95 ; \OT1/cm
r/m/n/10.95 1] (\OML/cmm/m/it/10.95 n \OT1/cmr/m/n/10.95 = 2)\OML/cmm/m/it/10.9
5 ; \OT1/cmr/m/n/10.95 [0\OML/cmm/m/it/10.95 ; \OT1/cmr/m/n/10.95 1\OML/cmm/m/i
t/10.95 ; \OT1/cmr/m/n/10.95 4] (\OML/cmm/m/it/10.95 n \OT1/cmr/m/n/10.95 =
 []

File: triakisoctahedron.pdf Graphic file (type pdf)
<use triakisoctahedron.pdf>
[10]
Underfull \hbox (badness 10000) in paragraph at lines 457--458

 []


Overfull \hbox (1.22063pt too wide) in paragraph at lines 462--462
 []|\TU/lmr/bx/n/10.95 Degeneracy| 
 []


Overfull \hbox (2.17328pt too wide) in paragraph at lines 462--462
 []|\TU/lmr/bx/n/10.95 Annihilated 
 []

[11]
Overfull \hbox (34.6056pt too wide) in paragraph at lines 477--478
[]\TU/lmr/bx/n/10.95 Compactness criterion: \TU/lmr/m/n/10.95 nearest-neighbor 
+ most compact, for example $\OT1/cmr/m/n/10.95 [5\OML/cmm/m/it/10.95 ; \OT1/cm
r/m/n/10.95 6] (\OML/cmm/m/it/10.95 n \OT1/cmr/m/n/10.95 = 2)\OML/cmm/m/it/10.9
5 ; \OT1/cmr/m/n/10.95 [5\OML/cmm/m/it/10.95 ; \OT1/cmr/m/n/10.95 6\OML/cmm/m/i
t/10.95 ; \OT1/cmr/m/n/10.95 9] (\OML/cmm/m/it/10.95 n \OT1/cmr/m/n/10.95 =
 []

File: tetrakishexahedron.pdf Graphic file (type pdf)
<use tetrakishexahedron.pdf>
[12]
Underfull \hbox (badness 10000) in paragraph at lines 507--508

 []


Overfull \hbox (1.22063pt too wide) in paragraph at lines 512--512
 []|\TU/lmr/bx/n/10.95 Degeneracy| 
 []


Overfull \hbox (2.17328pt too wide) in paragraph at lines 512--512
 []|\TU/lmr/bx/n/10.95 Annihilated 
 []


Overfull \hbox (34.6056pt too wide) in paragraph at lines 527--528
[]\TU/lmr/bx/n/10.95 Compactness criterion: \TU/lmr/m/n/10.95 nearest-neighbor 
+ most compact, for example $\OT1/cmr/m/n/10.95 [1\OML/cmm/m/it/10.95 ; \OT1/cm
r/m/n/10.95 5] (\OML/cmm/m/it/10.95 n \OT1/cmr/m/n/10.95 = 2)\OML/cmm/m/it/10.9
5 ; \OT1/cmr/m/n/10.95 [1\OML/cmm/m/it/10.95 ; \OT1/cmr/m/n/10.95 5\OML/cmm/m/i
t/10.95 ; \OT1/cmr/m/n/10.95 7] (\OML/cmm/m/it/10.95 n \OT1/cmr/m/n/10.95 =
 []

File: truncatedtetrahedron.pdf Graphic file (type pdf)
<use truncatedtetrahedron.pdf>
[13]
Underfull \hbox (badness 10000) in paragraph at lines 568--569

 []


Overfull \hbox (1.22063pt too wide) in paragraph at lines 573--573
 []|\TU/lmr/bx/n/10.95 Degeneracy| 
 []


Overfull \hbox (2.17328pt too wide) in paragraph at lines 573--573
 []|\TU/lmr/bx/n/10.95 Annihilated 
 []


Overfull \hbox (34.6056pt too wide) in paragraph at lines 586--587
[]\TU/lmr/bx/n/10.95 Compactness criterion: \TU/lmr/m/n/10.95 nearest-neighbor 
+ most compact, for example $\OT1/cmr/m/n/10.95 [0\OML/cmm/m/it/10.95 ; \OT1/cm
r/m/n/10.95 2] (\OML/cmm/m/it/10.95 n \OT1/cmr/m/n/10.95 = 2)\OML/cmm/m/it/10.9
5 ; \OT1/cmr/m/n/10.95 [0\OML/cmm/m/it/10.95 ; \OT1/cmr/m/n/10.95 2\OML/cmm/m/i
t/10.95 ; \OT1/cmr/m/n/10.95 8] (\OML/cmm/m/it/10.95 n \OT1/cmr/m/n/10.95 =
 []

[14]
File: cuboctahedron.pdf Graphic file (type pdf)
<use cuboctahedron.pdf>

Overfull \hbox (34.6056pt too wide) in paragraph at lines 621--622
[]\TU/lmr/bx/n/10.95 Compactness criterion: \TU/lmr/m/n/10.95 nearest-neighbor 
+ most compact, for example $\OT1/cmr/m/n/10.95 [0\OML/cmm/m/it/10.95 ; \OT1/cm
r/m/n/10.95 2] (\OML/cmm/m/it/10.95 n \OT1/cmr/m/n/10.95 = 2)\OML/cmm/m/it/10.9
5 ; \OT1/cmr/m/n/10.95 [0\OML/cmm/m/it/10.95 ; \OT1/cmr/m/n/10.95 2\OML/cmm/m/i
t/10.95 ; \OT1/cmr/m/n/10.95 4] (\OML/cmm/m/it/10.95 n \OT1/cmr/m/n/10.95 =
 []

[15]
Underfull \hbox (badness 10000) in paragraph at lines 630--631

 []

[16] (./scars_polyhedra.aux)
 ***********
LaTeX2e <2023-06-01> patch level 1
L3 programming layer <2023-08-29>
 ***********
Package rerunfilecheck Info: File `scars_polyhedra.out' has not changed.
(rerunfilecheck)             Checksum: D41D8CD98F00B204E9800998ECF8427E;0.
 ) 
Here is how much of TeX's memory you used:
 10818 strings out of 475591
 165813 string characters out of 5777375
 1925432 words of memory out of 5000000
 32010 multiletter control sequences out of 15000+600000
 566900 words of font info for 81 fonts, out of 8000000 for 9000
 1348 hyphenation exceptions out of 8191
 72i,13n,79p,776b,448s stack positions out of 10000i,1000n,20000p,200000b,200000s

Output written on scars_polyhedra.pdf (16 pages).
